<?xml version="1.0" encoding="UTF-8"?>
<!-- Generated by org.testng.reporters.JUnitReportReporter -->
<testsuite hostname="Kunal" failures="0" tests="1" name="qaclickacademy.newone" time="0.022" errors="0" timestamp="2021-04-23T10:02:42 IST" skipped="0">
  <testcase classname="qaclickacademy.newone" name="one" time="0.022"/>
  <system-out/>
</testsuite> <!-- qaclickacademy.newone -->
