<?xml version="1.0" encoding="UTF-8"?>
<!-- Generated by org.testng.reporters.JUnitReportReporter -->
<testsuite hostname="Kunal" failures="0" tests="2" name="qaclickacademy.SeleniumTest" time="0.059" errors="0" timestamp="2021-04-25T11:38:13 IST" skipped="0">
  <testcase classname="qaclickacademy.SeleniumTest" name="broswertest" time="0.054"/>
  <system-out/>
  <testcase classname="qaclickacademy.SeleniumTest" name="elementeTest" time="0.005"/>
  <system-out/>
</testsuite> <!-- qaclickacademy.SeleniumTest -->
