<?xml version="1.0" encoding="UTF-8"?>
<!-- Generated by org.testng.reporters.JUnitReportReporter -->
<testsuite hostname="Kunal" failures="0" tests="1" name="qaclickacademy.AppiumTest" time="0.029" errors="0" timestamp="2021-04-24T10:16:53 IST" skipped="0">
  <testcase classname="qaclickacademy.AppiumTest" name="android" time="0.029"/>
  <system-out/>
</testsuite> <!-- qaclickacademy.AppiumTest -->
