<?xml version="1.0" encoding="UTF-8"?>
<!-- Generated by org.testng.reporters.JUnitReportReporter -->
<testsuite hostname="Kunal" failures="0" tests="2" name="qaclickacademy.RestAPITest" time="0.010" errors="0" timestamp="2021-04-22T17:54:47 IST" skipped="0">
  <testcase classname="qaclickacademy.RestAPITest" name="postJira" time="0.004"/>
  <system-out/>
  <testcase classname="qaclickacademy.RestAPITest" name="deleteTwitter" time="0.006"/>
  <system-out/>
</testsuite> <!-- qaclickacademy.RestAPITest -->
