<?xml version="1.0" encoding="UTF-8"?>
<!-- Generated by org.testng.reporters.JUnitReportReporter -->
<testsuite hostname="Kunal" name="qaclickacademy.SeleniumTest" tests="2" failures="0" timestamp="13 May 2021 03:00:26 GMT" time="0.000" errors="0">
  <testcase name="elementeTest" time="0.000" classname="qaclickacademy.SeleniumTest"/>
  <testcase name="broswertest" time="0.000" classname="qaclickacademy.SeleniumTest"/>
</testsuite> <!-- qaclickacademy.SeleniumTest -->
