<?xml version="1.0" encoding="UTF-8"?>
<!-- Generated by org.testng.reporters.JUnitReportReporter -->
<testsuite hostname="Kunal" name="qaclickacademy.AppiumTest" tests="2" failures="0" timestamp="13 May 2021 03:00:26 GMT" time="0.055" errors="0">
  <testcase name="android" time="0.055" classname="qaclickacademy.AppiumTest"/>
  <testcase name="iphone" time="0.000" classname="qaclickacademy.AppiumTest"/>
</testsuite> <!-- qaclickacademy.AppiumTest -->
